#
# A fatal error has been detected by the Java Runtime Environment:
#
#  EXCEPTION_ACCESS_VIOLATION (0xc0000005) at pc=0x5718e7fd, pid=6292, tid=7012
#
# JRE version: Java(TM) SE Runtime Environment (8.0_05-b13) (build 1.8.0_05-b13)
# Java VM: Java HotSpot(TM) Client VM (25.5-b02 mixed mode windows-x86 )
# Problematic frame:
# V  [jvm.dll+0xbe7fd]
#
# Failed to write core dump. Minidumps are not enabled by default on client versions of Windows
#
# If you would like to submit a bug report, please visit:
#   http://bugreport.sun.com/bugreport/crash.jsp
#

---------------  T H R E A D  ---------------

Current thread (0x14e9f400):  JavaThread "JDWP Transport Listener: dt_socket" daemon [_thread_in_vm, id=7012, stack(0x155d0000,0x15620000)]

siginfo: ExceptionCode=0xc0000005, reading address 0x69746163

Registers:
EAX=0x69746163, EBX=0x00000000, ECX=0x69746163, EDX=0x00000000
ESP=0x1561f748, EBP=0x1561f74c, ESI=0x14e9f400, EDI=0x004f9588
EIP=0x5718e7fd, EFLAGS=0x00010206

Top of Stack: (sp=0x1561f748)
0x1561f748:   14e9f400 1561f774 572e08a4 69746163
0x1561f758:   1561f82c 1561f7af 14e9f400 00000000
0x1561f768:   00000000 00000000 14e9f400 1561f7b0
0x1561f778:   64a69f7b 004f9588 69746163 1561f7af
0x1561f788:   69746163 64a5436d 69746163 1561f7af
0x1561f798:   00000008 00000000 00000000 0000000a
0x1561f7a8:   00000000 00ad26a4 1561f7d0 64a544e0
0x1561f7b8:   00000001 1561f7ec 1561f828 16909488 

Instructions: (pc=0x5718e7fd)
0x5718e7dd:   5d c3 52 e8 eb f7 ff ff 5d c3 cc cc cc cc cc cc
0x5718e7ed:   cc cc cc 55 8b ec 8b 45 08 85 c0 75 02 5d c3 56
0x5718e7fd:   8b 30 85 f6 74 17 83 fe 37 74 12 8b 06 8b 50 04
0x5718e80d:   8b ce ff d2 84 c0 74 05 8b c6 5e 5d c3 33 c0 5e 


Register to memory mapping:

EAX=0x69746163 is an unknown value
EBX=0x00000000 is an unknown value
ECX=0x69746163 is an unknown value
EDX=0x00000000 is an unknown value
ESP=0x1561f748 is pointing into the stack for thread: 0x14e9f400
EBP=0x1561f74c is pointing into the stack for thread: 0x14e9f400
ESI=0x14e9f400 is a thread
EDI=0x004f9588 is an unknown value


Stack: [0x155d0000,0x15620000],  sp=0x1561f748,  free space=317k
Native frames: (J=compiled Java code, j=interpreted, Vv=VM code, C=native code)
V  [jvm.dll+0xbe7fd]
V  [jvm.dll+0x2108a4]
C  [jdwp.dll+0x19f7b]
C  [jdwp.dll+0x44e0]
C  [jdwp.dll+0x451e]


---------------  P R O C E S S  ---------------

Java Threads: ( => current thread )
  0x1694b400 JavaThread "http-nio-8080-Acceptor-0" daemon [_thread_in_native, id=6904, stack(0x17a60000,0x17ab0000)]
  0x1694ac00 JavaThread "http-nio-8080-ClientPoller-1" daemon [_thread_in_native, id=4316, stack(0x179a0000,0x179f0000)]
  0x1694a800 JavaThread "http-nio-8080-ClientPoller-0" daemon [_thread_in_native, id=5412, stack(0x15e10000,0x15e60000)]
  0x1694a000 JavaThread "NioBlockingSelector.BlockPoller-2" daemon [_thread_in_native, id=3120, stack(0x177f0000,0x17840000)]
  0x16949800 JavaThread "container-0" [_thread_blocked, id=6964, stack(0x15850000,0x158a0000)]
  0x16934000 JavaThread "ContainerBackgroundProcessor[StandardEngine[Tomcat].StandardHost[localhost].StandardContext[]]" daemon [_thread_blocked, id=7180, stack(0x17570000,0x175c0000)]
  0x15a24800 JavaThread "RMI TCP Accept-0" daemon [_thread_in_native, id=4548, stack(0x15d70000,0x15dc0000)]
  0x159d4000 JavaThread "RMI TCP Accept-16476" daemon [_thread_in_native, id=6264, stack(0x15e80000,0x15ed0000)]
  0x159c7400 JavaThread "RMI TCP Accept-0" daemon [_thread_in_native, id=6560, stack(0x15dc0000,0x15e10000)]
  0x14ecd400 JavaThread "Service Thread" daemon [_thread_blocked, id=7352, stack(0x158f0000,0x15940000)]
  0x14eab800 JavaThread "C1 CompilerThread0" daemon [_thread_blocked, id=7324, stack(0x15190000,0x151e0000)]
  0x14ea5800 JavaThread "JDWP Command Reader" daemon [_thread_in_native, id=5980, stack(0x15800000,0x15850000)]
  0x14ea0c00 JavaThread "JDWP Event Helper Thread" daemon [_thread_blocked, id=4520, stack(0x152d0000,0x15320000)]
=>0x14e9f400 JavaThread "JDWP Transport Listener: dt_socket" daemon [_thread_in_vm, id=7012, stack(0x155d0000,0x15620000)]
  0x14e90400 JavaThread "Attach Listener" daemon [_thread_blocked, id=3464, stack(0x15280000,0x152d0000)]
  0x14e8d400 JavaThread "Signal Dispatcher" daemon [_thread_blocked, id=7740, stack(0x15140000,0x15190000)]
  0x14e56c00 JavaThread "Finalizer" daemon [_thread_blocked, id=7228, stack(0x14c70000,0x14cc0000)]
  0x14e4e000 JavaThread "Reference Handler" daemon [_thread_blocked, id=6860, stack(0x14dc0000,0x14e10000)]
  0x004ff400 JavaThread "main" [_thread_blocked, id=6548, stack(0x002b0000,0x00300000)]

Other Threads:
  0x14e49400 VMThread [stack: 0x047b0000,0x04800000] [id=7244]
  0x15a25c00 WatcherThread [stack: 0x16170000,0x161c0000] [id=4632]

VM state:not at safepoint (normal execution)

VM Mutex/Monitor currently owned by a thread: None

Heap:
 def new generation   total 7616K, used 6457K [0x04800000, 0x05040000, 0x09d50000)
  eden space 6784K,  84% used [0x04800000, 0x04d9edc0, 0x04ea0000)
  from space 832K,  84% used [0x04ea0000, 0x04f4f660, 0x04f70000)
  to   space 832K,   0% used [0x04f70000, 0x04f70000, 0x05040000)
 tenured generation   total 16864K, used 12176K [0x09d50000, 0x0adc8000, 0x14800000)
   the space 16864K,  72% used [0x09d50000, 0x0a934150, 0x0a934200, 0x0adc8000)
 Metaspace       used 15423K, capacity 15579K, committed 15616K, reserved 15744K

Card table byte_map: [0x00d50000,0x00de0000] byte_map_base: 0x00d2c000

Polling page: 0x00180000

CodeCache: size=32768Kb used=2892Kb max_used=2892Kb free=29875Kb
 bounds [0x026c0000, 0x02998000, 0x046c0000]
 total_blobs=1524 nmethods=1349 adapters=114
 compilation: enabled

Compilation events (10 events):
Event: 3.421 Thread 0x14eab800 1363             org.springframework.beans.factory.annotation.InitDestroyAnnotationBeanPostProcessor::buildLifecycleMetadata (293 bytes)
Event: 3.423 Thread 0x14eab800 nmethod 1363 0x0298c888 code [0x0298cbf0, 0x0298d9a8]
Event: 3.486 Thread 0x14eab800 1364             sun.nio.cs.UTF_8$Encoder::encodeArrayLoop (489 bytes)
Event: 3.488 Thread 0x14eab800 nmethod 1364 0x0298f288 code [0x0298f650, 0x029903f4]
Event: 3.488 Thread 0x14eab800 1365             java.nio.Buffer::limit (62 bytes)
Event: 3.488 Thread 0x14eab800 nmethod 1365 0x02992308 code [0x02992410, 0x0299253c]
Event: 3.488 Thread 0x14eab800 1366             java.nio.Buffer::<init> (121 bytes)
Event: 3.489 Thread 0x14eab800 nmethod 1366 0x029925c8 code [0x02992790, 0x02992cbc]
Event: 11.802 Thread 0x14eab800 1367             java.util.LinkedList::get (14 bytes)
Event: 11.802 Thread 0x14eab800 nmethod 1367 0x02993208 code [0x02993330, 0x02993494]

GC Heap History (10 events):
Event: 2.867 GC heap before
{Heap before GC invocations=37 (full 1):
 def new generation   total 4992K, used 4992K [0x04800000, 0x04d60000, 0x09d50000)
  eden space 4480K, 100% used [0x04800000, 0x04c60000, 0x04c60000)
  from space 512K, 100% used [0x04c60000, 0x04ce0000, 0x04ce0000)
  to   space 512K,   0% used [0x04ce0000, 0x04ce0000, 0x04d60000)
 tenured generation   total 10944K, used 10570K [0x09d50000, 0x0a800000, 0x14800000)
   the space 10944K,  96% used [0x09d50000, 0x0a7a29f8, 0x0a7a2a00, 0x0a800000)
 Metaspace       used 13650K, capacity 13724K, committed 13824K, reserved 14720K
Event: 2.888 GC heap after
Heap after GC invocations=38 (full 2):
 def new generation   total 7616K, used 0K [0x04800000, 0x05040000, 0x09d50000)
  eden space 6784K,   0% used [0x04800000, 0x04800000, 0x04ea0000)
  from space 832K,   0% used [0x04ea0000, 0x04ea0000, 0x04f70000)
  to   space 832K,   0% used [0x04f70000, 0x04f70000, 0x05040000)
 tenured generation   total 16864K, used 10117K [0x09d50000, 0x0adc8000, 0x14800000)
   the space 16864K,  59% used [0x09d50000, 0x0a7317b8, 0x0a731800, 0x0adc8000)
 Metaspace       used 13650K, capacity 13724K, committed 13824K, reserved 14720K
}
Event: 3.068 GC heap before
{Heap before GC invocations=38 (full 2):
 def new generation   total 7616K, used 6784K [0x04800000, 0x05040000, 0x09d50000)
  eden space 6784K, 100% used [0x04800000, 0x04ea0000, 0x04ea0000)
  from space 832K,   0% used [0x04ea0000, 0x04ea0000, 0x04f70000)
  to   space 832K,   0% used [0x04f70000, 0x04f70000, 0x05040000)
 tenured generation   total 16864K, used 10117K [0x09d50000, 0x0adc8000, 0x14800000)
   the space 16864K,  59% used [0x09d50000, 0x0a7317b8, 0x0a731800, 0x0adc8000)
 Metaspace       used 13989K, capacity 14076K, committed 14208K, reserved 14720K
Event: 3.072 GC heap after
Heap after GC invocations=39 (full 2):
 def new generation   total 7616K, used 291K [0x04800000, 0x05040000, 0x09d50000)
  eden space 6784K,   0% used [0x04800000, 0x04800000, 0x04ea0000)
  from space 832K,  35% used [0x04f70000, 0x04fb8fb8, 0x05040000)
  to   space 832K,   0% used [0x04ea0000, 0x04ea0000, 0x04f70000)
 tenured generation   total 16864K, used 11141K [0x09d50000, 0x0adc8000, 0x14800000)
   the space 16864K,  66% used [0x09d50000, 0x0a8317c8, 0x0a831800, 0x0adc8000)
 Metaspace       used 13989K, capacity 14076K, committed 14208K, reserved 14720K
}
Event: 3.153 GC heap before
{Heap before GC invocations=39 (full 2):
 def new generation   total 7616K, used 7075K [0x04800000, 0x05040000, 0x09d50000)
  eden space 6784K, 100% used [0x04800000, 0x04ea0000, 0x04ea0000)
  from space 832K,  35% used [0x04f70000, 0x04fb8fb8, 0x05040000)
  to   space 832K,   0% used [0x04ea0000, 0x04ea0000, 0x04f70000)
 tenured generation   total 16864K, used 11141K [0x09d50000, 0x0adc8000, 0x14800000)
   the space 16864K,  66% used [0x09d50000, 0x0a8317c8, 0x0a831800, 0x0adc8000)
 Metaspace       used 14098K, capacity 14172K, committed 14208K, reserved 14720K
Event: 3.156 GC heap after
Heap after GC invocations=40 (full 2):
 def new generation   total 7616K, used 503K [0x04800000, 0x05040000, 0x09d50000)
  eden space 6784K,   0% used [0x04800000, 0x04800000, 0x04ea0000)
  from space 832K,  60% used [0x04ea0000, 0x04f1df08, 0x04f70000)
  to   space 832K,   0% used [0x04f70000, 0x04f70000, 0x05040000)
 tenured generation   total 16864K, used 11141K [0x09d50000, 0x0adc8000, 0x14800000)
   the space 16864K,  66% used [0x09d50000, 0x0a8317c8, 0x0a831800, 0x0adc8000)
 Metaspace       used 14098K, capacity 14172K, committed 14208K, reserved 14720K
}
Event: 3.276 GC heap before
{Heap before GC invocations=40 (full 2):
 def new generation   total 7616K, used 7287K [0x04800000, 0x05040000, 0x09d50000)
  eden space 6784K, 100% used [0x04800000, 0x04ea0000, 0x04ea0000)
  from space 832K,  60% used [0x04ea0000, 0x04f1df08, 0x04f70000)
  to   space 832K,   0% used [0x04f70000, 0x04f70000, 0x05040000)
 tenured generation   total 16864K, used 11141K [0x09d50000, 0x0adc8000, 0x14800000)
   the space 16864K,  66% used [0x09d50000, 0x0a8317c8, 0x0a831800, 0x0adc8000)
 Metaspace       used 14957K, capacity 15126K, committed 15232K, reserved 15744K
Event: 3.279 GC heap after
Heap after GC invocations=41 (full 2):
 def new generation   total 7616K, used 831K [0x04800000, 0x05040000, 0x09d50000)
  eden space 6784K,   0% used [0x04800000, 0x04800000, 0x04ea0000)
  from space 832K,  99% used [0x04f70000, 0x0503fff8, 0x05040000)
  to   space 832K,   0% used [0x04ea0000, 0x04ea0000, 0x04f70000)
 tenured generation   total 16864K, used 11414K [0x09d50000, 0x0adc8000, 0x14800000)
   the space 16864K,  67% used [0x09d50000, 0x0a875b90, 0x0a875c00, 0x0adc8000)
 Metaspace       used 14957K, capacity 15126K, committed 15232K, reserved 15744K
}
Event: 3.367 GC heap before
{Heap before GC invocations=41 (full 2):
 def new generation   total 7616K, used 7615K [0x04800000, 0x05040000, 0x09d50000)
  eden space 6784K, 100% used [0x04800000, 0x04ea0000, 0x04ea0000)
  from space 832K,  99% used [0x04f70000, 0x0503fff8, 0x05040000)
  to   space 832K,   0% used [0x04ea0000, 0x04ea0000, 0x04f70000)
 tenured generation   total 16864K, used 11414K [0x09d50000, 0x0adc8000, 0x14800000)
   the space 16864K,  67% used [0x09d50000, 0x0a875b90, 0x0a875c00, 0x0adc8000)
 Metaspace       used 15231K, capacity 15385K, committed 15488K, reserved 15744K
Event: 3.370 GC heap after
Heap after GC invocations=42 (full 2):
 def new generation   total 7616K, used 701K [0x04800000, 0x05040000, 0x09d50000)
  eden space 6784K,   0% used [0x04800000, 0x04800000, 0x04ea0000)
  from space 832K,  84% used [0x04ea0000, 0x04f4f660, 0x04f70000)
  to   space 832K,   0% used [0x04f70000, 0x04f70000, 0x05040000)
 tenured generation   total 16864K, used 12176K [0x09d50000, 0x0adc8000, 0x14800000)
   the space 16864K,  72% used [0x09d50000, 0x0a934150, 0x0a934200, 0x0adc8000)
 Metaspace       used 15231K, capacity 15385K, committed 15488K, reserved 15744K
}

Deoptimization events (0 events):
No events

Internal exceptions (10 events):
Event: 3.435 Thread 0x004ff400 Exception <a 'java/security/PrivilegedActionException'> (0x04cd58f0) thrown at [D:\re\workspace\8-2-build-windows-i586-cygwin\jdk8u5\2488\hotspot\src\share\vm\prims\jvm.cpp, line 1248]
Event: 3.435 Thread 0x004ff400 Exception <a 'java/security/PrivilegedActionException'> (0x04cd9440) thrown at [D:\re\workspace\8-2-build-windows-i586-cygwin\jdk8u5\2488\hotspot\src\share\vm\prims\jvm.cpp, line 1248]
Event: 3.435 Thread 0x004ff400 Exception <a 'java/security/PrivilegedActionException'> (0x04cddc70) thrown at [D:\re\workspace\8-2-build-windows-i586-cygwin\jdk8u5\2488\hotspot\src\share\vm\prims\jvm.cpp, line 1248]
Event: 3.436 Thread 0x004ff400 Exception <a 'java/security/PrivilegedActionException'> (0x04ce2400) thrown at [D:\re\workspace\8-2-build-windows-i586-cygwin\jdk8u5\2488\hotspot\src\share\vm\prims\jvm.cpp, line 1248]
Event: 3.436 Thread 0x004ff400 Exception <a 'java/security/PrivilegedActionException'> (0x04cf1d78) thrown at [D:\re\workspace\8-2-build-windows-i586-cygwin\jdk8u5\2488\hotspot\src\share\vm\prims\jvm.cpp, line 1248]
Event: 3.437 Thread 0x004ff400 Exception <a 'java/security/PrivilegedActionException'> (0x04cf5a90) thrown at [D:\re\workspace\8-2-build-windows-i586-cygwin\jdk8u5\2488\hotspot\src\share\vm\prims\jvm.cpp, line 1248]
Event: 3.437 Thread 0x004ff400 Exception <a 'java/security/PrivilegedActionException'> (0x04cf97f0) thrown at [D:\re\workspace\8-2-build-windows-i586-cygwin\jdk8u5\2488\hotspot\src\share\vm\prims\jvm.cpp, line 1248]
Event: 3.437 Thread 0x004ff400 Exception <a 'java/security/PrivilegedActionException'> (0x04cfcdc0) thrown at [D:\re\workspace\8-2-build-windows-i586-cygwin\jdk8u5\2488\hotspot\src\share\vm\prims\jvm.cpp, line 1248]
Event: 3.484 Thread 0x004ff400 Exception <a 'java/security/PrivilegedActionException'> (0x04d12e90) thrown at [D:\re\workspace\8-2-build-windows-i586-cygwin\jdk8u5\2488\hotspot\src\share\vm\prims\jvm.cpp, line 1248]
Event: 32.913 Thread 0x16934000 Exception <a 'java/security/PrivilegedActionException'> (0x04d7ce28) thrown at [D:\re\workspace\8-2-build-windows-i586-cygwin\jdk8u5\2488\hotspot\src\share\vm\prims\jvm.cpp, line 1248]

Events (10 events):
Event: 32.913 Executing VM operation: RevokeBias
Event: 32.914 Executing VM operation: RevokeBias done
Event: 32.914 Thread 0x16934000 DEOPT PACKING pc=0x027d762c sp=0x175bef20
Event: 32.914 Thread 0x16934000 DEOPT UNPACKING pc=0x026fc34c sp=0x175bee40 mode 1
Event: 32.914 Executing VM operation: RevokeBias
Event: 32.914 Executing VM operation: RevokeBias done
Event: 32.914 Thread 0x16934000 DEOPT PACKING pc=0x027d7598 sp=0x175bf000
Event: 32.914 Thread 0x16934000 DEOPT UNPACKING pc=0x026fc34c sp=0x175bef20 mode 1
Event: 45.684 Executing VM operation: RedefineClasses
Event: 45.692 Executing VM operation: RedefineClasses done


Dynamic libraries:
0x01190000 - 0x011c0000 	C:\Program Files (x86)\Java\jdk1.8.0_05\bin\javaw.exe
0x76f10000 - 0x77090000 	C:\Windows\SysWOW64\ntdll.dll
0x76210000 - 0x76320000 	C:\Windows\syswow64\kernel32.dll
0x760a0000 - 0x760e7000 	C:\Windows\syswow64\KERNELBASE.dll
0x76510000 - 0x765b0000 	C:\Windows\syswow64\ADVAPI32.dll
0x75d70000 - 0x75e1c000 	C:\Windows\syswow64\msvcrt.dll
0x76630000 - 0x76649000 	C:\Windows\SysWOW64\sechost.dll
0x75ac0000 - 0x75bb0000 	C:\Windows\syswow64\RPCRT4.dll
0x745f0000 - 0x74650000 	C:\Windows\syswow64\SspiCli.dll
0x745e0000 - 0x745ec000 	C:\Windows\syswow64\CRYPTBASE.dll
0x74870000 - 0x74970000 	C:\Windows\syswow64\USER32.dll
0x75f80000 - 0x76010000 	C:\Windows\syswow64\GDI32.dll
0x75f70000 - 0x75f7a000 	C:\Windows\syswow64\LPK.dll
0x747d0000 - 0x7486d000 	C:\Windows\syswow64\USP10.dll
0x73be0000 - 0x73d7e000 	C:\Windows\WinSxS\x86_microsoft.windows.common-controls_6595b64144ccf1df_6.0.7601.17514_none_41e6975e2bd6f2b2\COMCTL32.dll
0x74770000 - 0x747c7000 	C:\Windows\syswow64\SHLWAPI.dll
0x75ec0000 - 0x75f20000 	C:\Windows\system32\IMM32.DLL
0x75850000 - 0x7591c000 	C:\Windows\syswow64\MSCTF.dll
0x73d80000 - 0x73db2000 	C:\Windows\SysWOW64\nvinit.dll
0x5e5e0000 - 0x5e69f000 	C:\Program Files (x86)\Java\jdk1.8.0_05\jre\bin\msvcr100.dll
0x570d0000 - 0x57466000 	C:\Program Files (x86)\Java\jdk1.8.0_05\jre\bin\client\jvm.dll
0x73780000 - 0x73787000 	C:\Windows\system32\WSOCK32.dll
0x764d0000 - 0x76505000 	C:\Windows\syswow64\WS2_32.dll
0x76ee0000 - 0x76ee6000 	C:\Windows\syswow64\NSI.dll
0x72230000 - 0x72262000 	C:\Windows\system32\WINMM.dll
0x75eb0000 - 0x75eb5000 	C:\Windows\syswow64\PSAPI.DLL
0x72e00000 - 0x72e0c000 	C:\Program Files (x86)\Java\jdk1.8.0_05\jre\bin\verify.dll
0x674a0000 - 0x674c1000 	C:\Program Files (x86)\Java\jdk1.8.0_05\jre\bin\java.dll
0x64a50000 - 0x64a79000 	C:\Program Files (x86)\Java\jdk1.8.0_05\jre\bin\jdwp.dll
0x676b0000 - 0x676b7000 	C:\Program Files (x86)\Java\jdk1.8.0_05\jre\bin\npt.dll
0x67b30000 - 0x67b43000 	C:\Program Files (x86)\Java\jdk1.8.0_05\jre\bin\zip.dll
0x74970000 - 0x755ba000 	C:\Windows\syswow64\SHELL32.dll
0x755c0000 - 0x7571c000 	C:\Windows\syswow64\ole32.dll
0x73f50000 - 0x73f5b000 	C:\Windows\system32\profapi.dll
0x67440000 - 0x67448000 	C:\Program Files (x86)\Java\jdk1.8.0_05\jre\bin\dt_socket.dll
0x70c60000 - 0x70c70000 	C:\Windows\system32\NLAapi.dll
0x70c50000 - 0x70c60000 	C:\Windows\system32\napinsp.dll
0x70c30000 - 0x70c42000 	C:\Windows\system32\pnrpnsp.dll
0x736b0000 - 0x736ec000 	C:\Windows\System32\mswsock.dll
0x71790000 - 0x717d4000 	C:\Windows\system32\DNSAPI.dll
0x70c20000 - 0x70c28000 	C:\Windows\System32\winrnr.dll
0x74060000 - 0x7407c000 	C:\Windows\system32\IPHLPAPI.DLL
0x74050000 - 0x74057000 	C:\Windows\system32\WINNSI.DLL
0x71210000 - 0x71248000 	C:\Windows\System32\fwpuclnt.dll
0x71250000 - 0x71256000 	C:\Windows\system32\rasadhlp.dll
0x736a0000 - 0x736a5000 	C:\Windows\System32\wshtcpip.dll
0x67340000 - 0x6734a000 	C:\Program Files (x86)\Java\jdk1.8.0_05\jre\bin\management.dll
0x67220000 - 0x67234000 	C:\Program Files (x86)\Java\jdk1.8.0_05\jre\bin\net.dll
0x71260000 - 0x71266000 	C:\Windows\System32\wship6.dll
0x73000000 - 0x7300f000 	C:\Program Files (x86)\Java\jdk1.8.0_05\jre\bin\nio.dll
0x73b80000 - 0x73b96000 	C:\Windows\system32\CRYPTSP.dll
0x73b40000 - 0x73b7b000 	C:\Windows\system32\rsaenh.dll
0x73f60000 - 0x73f77000 	C:\Windows\system32\USERENV.dll
0x71740000 - 0x7174d000 	C:\Windows\system32\dhcpcsvc6.DLL
0x71320000 - 0x71332000 	C:\Windows\system32\dhcpcsvc.DLL
0x71510000 - 0x715fb000 	C:\Windows\system32\dbghelp.dll

VM Arguments:
jvm_args: -agentlib:jdwp=transport=dt_socket,suspend=y,address=localhost:60561 -Dspring.liveBeansView.mbeanDomain -Dcom.sun.management.jmxremote -Dcom.sun.management.jmxremote.port=16476 -Dcom.sun.management.jmxremote.authenticate=false -Dcom.sun.management.jmxremote.ssl=false -Dfile.encoding=UTF-8 
java_command: fun.with.spring.boot.auth.Application -file=abc.text
java_class_path (initial): C:\develop\spring4\boot.auth\target\classes;C:\develop\maven\repository\org\springframework\boot\spring-boot-starter-web\1.0.2.RELEASE\spring-boot-starter-web-1.0.2.RELEASE.jar;C:\develop\maven\repository\org\springframework\boot\spring-boot-starter\1.0.2.RELEASE\spring-boot-starter-1.0.2.RELEASE.jar;C:\develop\maven\repository\org\springframework\boot\spring-boot\1.0.2.RELEASE\spring-boot-1.0.2.RELEASE.jar;C:\develop\maven\repository\org\springframework\boot\spring-boot-autoconfigure\1.0.2.RELEASE\spring-boot-autoconfigure-1.0.2.RELEASE.jar;C:\develop\maven\repository\org\springframework\boot\spring-boot-starter-logging\1.0.2.RELEASE\spring-boot-starter-logging-1.0.2.RELEASE.jar;C:\develop\maven\repository\org\slf4j\jcl-over-slf4j\1.7.7\jcl-over-slf4j-1.7.7.jar;C:\develop\maven\repository\org\slf4j\jul-to-slf4j\1.7.7\jul-to-slf4j-1.7.7.jar;C:\develop\maven\repository\org\slf4j\log4j-over-slf4j\1.7.7\log4j-over-slf4j-1.7.7.jar;C:\develop\maven\repository\ch\qos\logback\logback-classic\1.1.2\logback-classic-1.1.2.jar;C:\develop\maven\repository\ch\qos\logback\logback-core\1.1.2\logback-core-1.1.2.jar;C:\develop\maven\repository\org\yaml\snakeyaml\1.13\snakeyaml-1.13.jar;C:\develop\maven\repository\org\springframework\boot\spring-boot-starter-tomcat\1.0.2.RELEASE\spring-boot-starter-tomcat-1.0.2.RELEASE.jar;C:\develop\maven\repository\org\apache\tomcat\embed\tomcat-embed-core\7.0.52\tomcat-embed-core-7.0.52.jar;C:\develop\maven\repository\org\apache\tomcat\embed\tomcat-embed-el\7.0.52\tomcat-embed-el-7.0.52.jar;C:\develop\maven\repository\org\apache\tomcat\embed\tomcat-embed-logging-juli\7.0.52\tomcat-embed-logging-juli-7.0.52.jar;C:\develop\maven\repository\org\springframework\spring-web\4.0.3.RELEASE\spring-web-4.0.3.RELEASE.jar;C:\develop\maven\repository\org\springframework\spring-webmvc\4.0.3.RELEASE\spring-webmvc-4.0.3.RELEASE.jar;C:\develop\maven\repository\org\springframework\spring-expression\4.0.3.RELEASE\spring-expression-4.0.3.
Launcher Type: SUN_STANDARD

Environment Variables:
JAVA_HOME=C:\Program Files (x86)\Java\jdk1.7.0_45
CLASSPATH=C:\Entwicklungstools\Datenbanken\db-derby-10.8.2.2-bin\lib\derbytools.jar;C:\Entwicklungstools\Datenbanken\db-derby-10.8.2.2-bin\lib\derbynet.jar;C:\Entwicklungstools\Datenbanken\db-derby-10.8.2.2-bin\lib\derbyclient.jar;
PATH=C:\Program Files (x86)\Java\jdk1.8.0_05\jre\bin;C:\Windows\system32\NV;.;;.;;.;
USERNAME=jkoslowsky
OS=Windows_NT
PROCESSOR_IDENTIFIER=Intel64 Family 6 Model 42 Stepping 7, GenuineIntel



---------------  S Y S T E M  ---------------

OS: Windows 7 , 64 bit Build 7601 Service Pack 1

CPU:total 4 (2 cores per cpu, 2 threads per core) family 6 model 42 stepping 7, cmov, cx8, fxsr, mmx, sse, sse2, sse3, ssse3, sse4.1, sse4.2, popcnt, avx, aes, clmul, ht, tsc, tscinvbit

Memory: 4k page, physical 8273136k(1047648k free), swap 16544408k(7692148k free)

vm_info: Java HotSpot(TM) Client VM (25.5-b02) for windows-x86 JRE (1.8.0_05-b13), built on Mar 18 2014 01:14:47 by "java_re" with MS VC++ 10.0 (VS2010)

time: Mon May 19 17:25:48 2014
elapsed time: 45 seconds

